1e-25 0.999 result_tmp/Simulated_Path_1_1.txt
Simulated Annealing For Travelling salesman problem(TSP) Problem.
TSP problem is an NP-complete problem(NP-hard problem) in combinatorial optimization.
Simulated Annealing is a metaheuristic to approximate global optimization in a large search space.

It's better to make the lowest temperature lower than 1e-20
Lowest temperature [1e-20]:
Annealing plan r. (T=rT) [0.999]:Output file name. null for drop energy message in each step. [null]:
1
65
44
28
79
31
92
63
99
97
89
16
95
54
74
14
24
87
84
49
2
33
32
85
18
36
4
12
66
55
35
29
13
11
96
26
45
88
9
59
61
100
72
37
52
56
73
76
70
47
43
60
98
10
30
57
40
25
51
86
27
83
8
23
48
58
39
6
91
90
68
94
20
82
21
80
42
22
41
7
53
17
81
15
46
71
19
78
93
101
3
69
67
38
34
77
50
62
5
75
64
1
Sum of distance: 409.117
The waste of time:0.928607s


1e-25 0.999 result_tmp/Simulated_Path_1_2.txt
Simulated Annealing For Travelling salesman problem(TSP) Problem.
TSP problem is an NP-complete problem(NP-hard problem) in combinatorial optimization.
Simulated Annealing is a metaheuristic to approximate global optimization in a large search space.

It's better to make the lowest temperature lower than 1e-20
Lowest temperature [1e-20]:
Annealing plan r. (T=rT) [0.999]:Output file name. null for drop energy message in each step. [null]:
1
64
75
5
62
50
77
34
69
67
38
44
28
92
31
79
3
101
93
78
19
17
53
81
15
71
46
97
89
99
16
95
54
63
74
14
66
55
12
35
29
13
11
7
41
22
42
80
21
68
94
82
20
27
86
25
40
57
30
10
98
60
43
47
70
51
8
83
23
48
6
91
39
58
61
59
9
88
90
45
26
96
100
37
72
76
73
52
56
36
4
18
85
32
33
2
49
84
87
24
65
1
Sum of distance: 395.142
The waste of time:0.926495s


1e-25 0.999 result_tmp/Simulated_Path_1_3.txt
Simulated Annealing For Travelling salesman problem(TSP) Problem.
TSP problem is an NP-complete problem(NP-hard problem) in combinatorial optimization.
Simulated Annealing is a metaheuristic to approximate global optimization in a large search space.

It's better to make the lowest temperature lower than 1e-20
Lowest temperature [1e-20]:
Annealing plan r. (T=rT) [0.999]:Output file name. null for drop energy message in each step. [null]:
1
65
44
28
92
14
74
63
54
95
16
99
31
79
69
38
67
3
101
93
78
19
17
53
81
15
71
97
89
46
29
35
55
66
12
4
52
37
72
100
61
59
9
88
26
96
13
11
7
41
45
90
22
42
68
21
80
82
20
27
86
94
91
39
58
48
6
23
83
8
51
25
40
57
60
30
10
98
43
47
70
76
73
56
36
18
85
32
33
2
49
84
87
24
64
75
50
62
77
34
5
1
Sum of distance: 392.877
The waste of time:0.961669s


1e-25 0.999 result_tmp/Simulated_Path_1_4.txt
Simulated Annealing For Travelling salesman problem(TSP) Problem.
TSP problem is an NP-complete problem(NP-hard problem) in combinatorial optimization.
Simulated Annealing is a metaheuristic to approximate global optimization in a large search space.

It's better to make the lowest temperature lower than 1e-20
Lowest temperature [1e-20]:
Annealing plan r. (T=rT) [0.999]:Output file name. null for drop energy message in each step. [null]:
1
64
75
5
62
50
77
34
38
67
69
31
79
3
101
93
78
19
97
46
71
81
17
53
15
11
13
96
26
7
41
42
80
82
20
27
86
40
57
60
30
10
98
43
47
70
25
51
8
83
23
48
6
91
94
68
21
22
90
45
88
9
59
61
39
58
76
73
72
100
37
52
56
36
85
18
4
12
55
35
29
89
99
16
95
54
63
74
92
14
66
32
33
2
49
84
87
24
28
44
65
1
Sum of distance: 391.614
The waste of time:0.911708s


1e-25 0.999 result_tmp/Simulated_Path_1_5.txt
Simulated Annealing For Travelling salesman problem(TSP) Problem.
TSP problem is an NP-complete problem(NP-hard problem) in combinatorial optimization.
Simulated Annealing is a metaheuristic to approximate global optimization in a large search space.

It's better to make the lowest temperature lower than 1e-20
Lowest temperature [1e-20]:
Annealing plan r. (T=rT) [0.999]:Output file name. null for drop energy message in each step. [null]:
1
64
75
5
62
50
34
77
3
78
93
101
31
79
69
67
38
65
44
28
92
14
74
63
99
97
89
16
95
54
66
55
35
29
13
96
11
46
71
19
15
81
17
53
7
41
22
42
80
21
68
94
82
20
27
86
83
8
51
25
40
57
30
10
98
60
43
47
70
73
76
9
59
61
58
39
48
23
6
91
90
45
88
26
100
72
37
52
56
36
4
12
18
85
32
33
2
49
84
87
24
1
Sum of distance: 398.182
The waste of time:0.961485s


1e-25 0.999 result_tmp/Simulated_Path_1_6.txt
Simulated Annealing For Travelling salesman problem(TSP) Problem.
TSP problem is an NP-complete problem(NP-hard problem) in combinatorial optimization.
Simulated Annealing is a metaheuristic to approximate global optimization in a large search space.

It's better to make the lowest temperature lower than 1e-20
Lowest temperature [1e-20]:
Annealing plan r. (T=rT) [0.999]:Output file name. null for drop energy message in each step. [null]:
1
64
75
5
62
50
77
34
69
67
38
44
28
92
14
74
66
55
12
18
4
36
52
37
72
100
9
59
61
58
39
48
6
91
90
45
88
26
96
13
35
29
54
63
99
16
95
89
46
71
97
31
79
3
101
93
78
19
81
17
53
15
11
7
41
22
42
80
82
21
68
94
20
27
86
83
23
8
51
25
40
57
60
30
10
98
43
47
70
76
73
56
85
32
33
2
49
84
87
24
65
1
Sum of distance: 387.088
The waste of time:0.868173s


1e-25 0.999 result_tmp/Simulated_Path_1_7.txt
Simulated Annealing For Travelling salesman problem(TSP) Problem.
TSP problem is an NP-complete problem(NP-hard problem) in combinatorial optimization.
Simulated Annealing is a metaheuristic to approximate global optimization in a large search space.

It's better to make the lowest temperature lower than 1e-20
Lowest temperature [1e-20]:
Annealing plan r. (T=rT) [0.999]:Output file name. null for drop energy message in each step. [null]:
1
64
75
5
62
50
77
34
38
67
69
31
79
3
101
93
78
19
97
89
99
63
54
95
16
46
71
15
81
17
53
41
7
88
45
90
22
42
80
82
20
27
86
94
21
68
91
39
48
6
23
83
8
51
25
40
57
60
30
10
98
43
47
70
58
61
59
9
26
96
11
13
29
35
12
55
74
92
14
66
18
4
36
52
37
100
72
76
73
56
85
32
33
2
49
84
87
24
28
44
65
1
Sum of distance: 393.807
The waste of time:0.941920s


1e-25 0.999 result_tmp/Simulated_Path_1_8.txt
Simulated Annealing For Travelling salesman problem(TSP) Problem.
TSP problem is an NP-complete problem(NP-hard problem) in combinatorial optimization.
Simulated Annealing is a metaheuristic to approximate global optimization in a large search space.

It's better to make the lowest temperature lower than 1e-20
Lowest temperature [1e-20]:
Annealing plan r. (T=rT) [0.999]:Output file name. null for drop energy message in each step. [null]:
1
64
75
5
62
50
77
34
38
67
69
31
79
3
101
93
78
19
97
89
46
71
15
81
17
53
41
7
11
13
96
26
45
88
9
59
61
58
39
91
90
22
42
80
82
20
27
86
94
21
68
6
48
23
83
8
51
25
40
57
60
30
10
98
43
47
70
76
73
72
100
37
52
56
36
4
18
85
55
12
35
29
54
95
16
99
63
74
92
14
66
32
33
2
49
84
87
24
28
44
65
1
Sum of distance: 377.771
The waste of time:0.932691s


1e-25 0.999 result_tmp/Simulated_Path_1_9.txt
Simulated Annealing For Travelling salesman problem(TSP) Problem.
TSP problem is an NP-complete problem(NP-hard problem) in combinatorial optimization.
Simulated Annealing is a metaheuristic to approximate global optimization in a large search space.

It's better to make the lowest temperature lower than 1e-20
Lowest temperature [1e-20]:
Annealing plan r. (T=rT) [0.999]:Output file name. null for drop energy message in each step. [null]:
1
64
75
5
62
50
77
34
69
31
79
3
101
93
78
19
97
89
71
46
95
16
99
92
14
74
63
54
29
15
81
17
53
11
7
41
45
88
58
39
90
22
42
80
82
20
27
86
94
21
68
91
6
48
23
83
8
51
25
40
57
60
30
10
98
43
47
70
56
36
52
37
100
72
73
76
61
59
9
26
96
13
35
55
66
12
4
18
85
32
33
2
49
84
87
24
44
28
67
38
65
1
Sum of distance: 399.525
The waste of time:0.909627s


1e-25 0.999 result_tmp/Simulated_Path_1_10.txt
Simulated Annealing For Travelling salesman problem(TSP) Problem.
TSP problem is an NP-complete problem(NP-hard problem) in combinatorial optimization.
Simulated Annealing is a metaheuristic to approximate global optimization in a large search space.

It's better to make the lowest temperature lower than 1e-20
Lowest temperature [1e-20]:
Annealing plan r. (T=rT) [0.999]:Output file name. null for drop energy message in each step. [null]:
1
64
75
5
62
50
77
34
69
67
38
44
28
92
14
66
18
4
12
35
55
74
63
54
95
16
99
31
79
3
101
93
78
19
97
89
46
71
17
53
81
15
29
13
96
11
7
41
42
22
45
26
9
59
88
90
39
48
8
51
83
23
6
91
94
68
21
80
82
20
27
86
57
30
10
98
60
43
40
25
47
70
73
76
58
61
100
72
37
52
56
36
85
32
33
2
49
84
87
24
65
1
Sum of distance: 409.856
The waste of time:0.943999s


1e-25 0.9999 result_tmp/Simulated_Path_2_1.txt
Simulated Annealing For Travelling salesman problem(TSP) Problem.
TSP problem is an NP-complete problem(NP-hard problem) in combinatorial optimization.
Simulated Annealing is a metaheuristic to approximate global optimization in a large search space.

It's better to make the lowest temperature lower than 1e-20
Lowest temperature [1e-20]:
Annealing plan r. (T=rT) [0.999]:Output file name. null for drop energy message in each step. [null]:
1
64
75
5
62
50
77
34
38
67
69
31
79
3
101
93
78
19
97
89
71
46
95
16
99
63
54
29
35
12
4
36
52
37
72
100
61
58
39
48
23
6
91
90
45
88
59
9
26
96
13
11
15
81
17
53
7
41
22
42
80
82
21
68
94
20
27
86
83
8
51
25
40
57
60
30
10
98
43
47
70
76
73
56
85
18
55
66
32
33
2
49
84
87
24
14
74
92
28
44
65
1
Sum of distance: 372.949
The waste of time:8.698174s


1e-25 0.9999 result_tmp/Simulated_Path_2_2.txt
Simulated Annealing For Travelling salesman problem(TSP) Problem.
TSP problem is an NP-complete problem(NP-hard problem) in combinatorial optimization.
Simulated Annealing is a metaheuristic to approximate global optimization in a large search space.

It's better to make the lowest temperature lower than 1e-20
Lowest temperature [1e-20]:
Annealing plan r. (T=rT) [0.999]:Output file name. null for drop energy message in each step. [null]:
1
65
24
87
84
49
2
33
32
66
55
12
4
18
85
36
56
73
76
52
37
72
100
59
9
88
61
58
39
91
6
48
23
83
8
51
70
47
43
60
98
10
30
57
40
25
86
27
20
94
68
21
82
80
42
22
90
45
41
7
53
17
81
15
11
96
26
13
35
29
46
71
97
89
99
16
95
54
63
74
14
92
28
44
31
79
101
93
19
78
3
69
67
38
34
77
50
62
5
75
64
1
Sum of distance: 386.587
The waste of time:5.205656s


1e-25 0.9999 result_tmp/Simulated_Path_2_3.txt
Simulated Annealing For Travelling salesman problem(TSP) Problem.
TSP problem is an NP-complete problem(NP-hard problem) in combinatorial optimization.
Simulated Annealing is a metaheuristic to approximate global optimization in a large search space.

It's better to make the lowest temperature lower than 1e-20
Lowest temperature [1e-20]:
Annealing plan r. (T=rT) [0.999]:Output file name. null for drop energy message in each step. [null]:
1
64
75
5
65
44
28
31
79
69
67
38
34
62
50
77
3
101
93
78
19
97
71
46
89
99
16
95
54
63
74
92
14
66
55
35
29
13
96
11
15
81
17
53
41
7
26
9
59
61
88
45
90
22
42
80
82
21
68
94
20
27
86
83
23
48
6
91
39
58
8
51
25
40
57
30
10
98
60
43
47
70
76
73
72
100
37
52
56
36
4
12
18
85
32
33
2
49
84
87
24
1
Sum of distance: 374.422
The waste of time:8.812330s


1e-25 0.9999 result_tmp/Simulated_Path_2_4.txt
Simulated Annealing For Travelling salesman problem(TSP) Problem.
TSP problem is an NP-complete problem(NP-hard problem) in combinatorial optimization.
Simulated Annealing is a metaheuristic to approximate global optimization in a large search space.

It's better to make the lowest temperature lower than 1e-20
Lowest temperature [1e-20]:
Annealing plan r. (T=rT) [0.999]:Output file name. null for drop energy message in each step. [null]:
1
64
75
5
62
50
77
34
38
67
69
31
79
3
101
93
78
19
17
53
81
15
71
46
97
89
99
16
95
54
63
92
14
74
66
55
18
4
12
35
29
13
96
26
88
9
59
61
58
48
23
6
91
39
90
45
11
7
41
22
42
80
82
21
68
94
20
27
86
83
8
51
25
40
57
30
10
98
60
43
47
70
76
73
72
100
37
52
56
36
85
32
33
2
49
84
87
24
28
44
65
1
Sum of distance: 373.502
The waste of time:8.936631s


1e-25 0.9999 result_tmp/Simulated_Path_2_5.txt
Simulated Annealing For Travelling salesman problem(TSP) Problem.
TSP problem is an NP-complete problem(NP-hard problem) in combinatorial optimization.
Simulated Annealing is a metaheuristic to approximate global optimization in a large search space.

It's better to make the lowest temperature lower than 1e-20
Lowest temperature [1e-20]:
Annealing plan r. (T=rT) [0.999]:Output file name. null for drop energy message in each step. [null]:
1
64
75
5
62
50
34
77
3
78
19
93
101
31
79
69
67
38
44
28
92
14
74
63
54
95
16
99
89
97
46
71
81
17
53
15
11
7
41
26
88
9
59
61
58
39
48
23
6
91
90
45
22
42
80
82
21
68
94
20
27
86
83
8
51
25
40
57
60
30
10
98
43
47
70
76
73
52
37
72
100
96
13
29
35
12
4
36
56
85
18
55
66
32
33
2
49
84
87
24
65
1
Sum of distance: 383.001
The waste of time:8.817647s


1e-25 0.9999 result_tmp/Simulated_Path_2_6.txt
Simulated Annealing For Travelling salesman problem(TSP) Problem.
TSP problem is an NP-complete problem(NP-hard problem) in combinatorial optimization.
Simulated Annealing is a metaheuristic to approximate global optimization in a large search space.

It's better to make the lowest temperature lower than 1e-20
Lowest temperature [1e-20]:
Annealing plan r. (T=rT) [0.999]:Output file name. null for drop energy message in each step. [null]:
1
64
75
5
62
50
77
34
38
67
69
31
79
3
101
93
78
19
97
89
71
46
29
15
81
17
53
11
13
96
26
9
59
61
88
90
45
7
41
22
42
80
82
21
68
94
20
27
86
83
23
48
6
91
39
58
8
51
25
40
57
30
10
98
60
43
47
70
76
73
72
100
37
52
56
36
85
18
4
12
35
54
95
16
99
63
74
55
66
32
33
2
49
84
87
24
14
92
28
44
65
1
Sum of distance: 375.454
The waste of time:8.904034s


1e-25 0.9999 result_tmp/Simulated_Path_2_7.txt
Simulated Annealing For Travelling salesman problem(TSP) Problem.
TSP problem is an NP-complete problem(NP-hard problem) in combinatorial optimization.
Simulated Annealing is a metaheuristic to approximate global optimization in a large search space.

It's better to make the lowest temperature lower than 1e-20
Lowest temperature [1e-20]:
Annealing plan r. (T=rT) [0.999]:Output file name. null for drop energy message in each step. [null]:
1
64
75
5
62
50
77
34
38
67
69
31
79
3
101
93
78
19
97
89
46
71
15
81
17
53
41
7
11
13
35
29
54
95
16
99
63
74
66
55
12
100
72
37
52
73
76
61
59
9
96
26
88
45
90
22
42
80
82
21
68
94
20
27
86
83
23
6
91
39
58
48
8
51
25
40
57
30
10
98
60
43
47
70
56
36
4
18
85
32
33
2
49
84
87
24
14
92
28
44
65
1
Sum of distance: 381.719
The waste of time:8.788154s


1e-25 0.9999 result_tmp/Simulated_Path_2_8.txt
Simulated Annealing For Travelling salesman problem(TSP) Problem.
TSP problem is an NP-complete problem(NP-hard problem) in combinatorial optimization.
Simulated Annealing is a metaheuristic to approximate global optimization in a large search space.

It's better to make the lowest temperature lower than 1e-20
Lowest temperature [1e-20]:
Annealing plan r. (T=rT) [0.999]:Output file name. null for drop energy message in each step. [null]:
1
65
67
38
5
62
50
77
34
69
31
79
3
101
93
78
19
97
89
99
16
95
46
71
15
81
17
53
41
7
11
13
96
26
88
9
59
61
58
39
6
91
90
45
22
42
80
82
21
68
94
20
27
86
83
23
48
8
51
25
40
57
60
30
10
98
43
47
70
76
73
72
100
37
52
56
36
85
32
33
66
55
18
4
12
35
29
54
63
74
14
92
28
44
24
87
2
49
84
75
64
1
Sum of distance: 374.919
The waste of time:8.670053s


1e-25 0.9999 result_tmp/Simulated_Path_2_9.txt
Simulated Annealing For Travelling salesman problem(TSP) Problem.
TSP problem is an NP-complete problem(NP-hard problem) in combinatorial optimization.
Simulated Annealing is a metaheuristic to approximate global optimization in a large search space.

It's better to make the lowest temperature lower than 1e-20
Lowest temperature [1e-20]:
Annealing plan r. (T=rT) [0.999]:Output file name. null for drop energy message in each step. [null]:
1
64
75
5
62
50
77
34
38
67
69
31
79
3
101
93
78
19
97
89
71
46
13
11
15
81
17
53
41
7
96
26
88
9
59
61
58
39
91
90
45
22
42
80
82
21
68
94
20
27
86
83
23
6
48
8
51
25
40
57
30
10
98
60
43
47
70
76
73
72
100
37
52
56
36
85
18
4
12
35
29
95
16
99
54
63
74
92
14
55
66
32
33
2
49
84
87
24
28
44
65
1
Sum of distance: 373.705
The waste of time:9.108503s


1e-25 0.9999 result_tmp/Simulated_Path_2_10.txt
Simulated Annealing For Travelling salesman problem(TSP) Problem.
TSP problem is an NP-complete problem(NP-hard problem) in combinatorial optimization.
Simulated Annealing is a metaheuristic to approximate global optimization in a large search space.

It's better to make the lowest temperature lower than 1e-20
Lowest temperature [1e-20]:
Annealing plan r. (T=rT) [0.999]:Output file name. null for drop energy message in each step. [null]:
1
64
75
5
62
50
77
34
38
67
69
31
79
3
101
93
78
19
17
53
81
15
71
46
97
89
95
16
99
63
54
29
35
13
96
11
7
41
26
45
90
22
42
80
82
21
68
94
20
27
86
6
91
39
58
48
23
83
8
51
25
40
57
60
30
10
98
43
47
70
73
76
61
88
9
59
100
72
37
52
56
36
4
12
18
85
2
49
84
87
33
32
66
55
74
14
92
28
44
24
65
1
Sum of distance: 388.257
The waste of time:9.071433s


1e-25 0.99999 result_tmp/Simulated_Path_3_1.txt
Simulated Annealing For Travelling salesman problem(TSP) Problem.
TSP problem is an NP-complete problem(NP-hard problem) in combinatorial optimization.
Simulated Annealing is a metaheuristic to approximate global optimization in a large search space.

It's better to make the lowest temperature lower than 1e-20
Lowest temperature [1e-20]:
Annealing plan r. (T=rT) [0.999]:Output file name. null for drop energy message in each step. [null]:
1
64
75
5
62
50
77
34
38
67
69
79
31
44
28
92
14
74
66
55
35
29
54
63
99
16
95
46
71
89
97
3
101
93
78
19
15
81
17
53
41
7
11
13
96
26
88
9
59
61
58
39
48
23
6
91
90
45
22
42
80
82
21
68
94
20
27
86
83
8
51
25
40
57
60
30
10
98
43
47
70
76
73
72
100
37
52
56
36
4
12
18
85
32
33
2
49
84
87
24
65
1
Sum of distance: 373.265
The waste of time:88.847917s


1e-25 0.99999 result_tmp/Simulated_Path_3_2.txt
Simulated Annealing For Travelling salesman problem(TSP) Problem.
TSP problem is an NP-complete problem(NP-hard problem) in combinatorial optimization.
Simulated Annealing is a metaheuristic to approximate global optimization in a large search space.

It's better to make the lowest temperature lower than 1e-20
Lowest temperature [1e-20]:
Annealing plan r. (T=rT) [0.999]:Output file name. null for drop energy message in each step. [null]:
1
64
75
5
62
50
77
34
38
67
69
31
79
3
101
93
78
19
97
89
71
46
95
16
99
92
14
74
63
54
29
13
96
11
15
81
17
53
41
7
26
88
9
59
61
58
39
48
23
6
91
90
45
22
42
80
82
21
68
94
20
27
86
83
8
51
25
40
57
60
30
10
98
43
47
70
76
73
72
100
37
52
56
36
85
18
4
12
35
55
66
32
33
2
49
84
87
24
28
44
65
1
Sum of distance: 364.443
The waste of time:88.309034s


1e-25 0.99999 result_tmp/Simulated_Path_3_3.txt
Simulated Annealing For Travelling salesman problem(TSP) Problem.
TSP problem is an NP-complete problem(NP-hard problem) in combinatorial optimization.
Simulated Annealing is a metaheuristic to approximate global optimization in a large search space.

It's better to make the lowest temperature lower than 1e-20
Lowest temperature [1e-20]:
Annealing plan r. (T=rT) [0.999]:Output file name. null for drop energy message in each step. [null]:
1
64
75
5
62
50
77
34
38
67
69
31
79
3
101
93
78
19
97
71
46
89
99
16
95
54
63
74
92
14
66
55
12
35
29
13
96
11
15
81
17
53
41
7
26
88
9
59
61
58
39
48
23
6
91
90
45
22
42
80
82
21
68
94
20
27
86
83
8
51
25
40
57
30
10
98
60
43
47
70
76
73
72
100
37
52
56
36
4
18
85
32
33
2
49
84
87
24
28
44
65
1
Sum of distance: 364.188
The waste of time:89.062873s


1e-25 0.99999 result_tmp/Simulated_Path_3_4.txt
Simulated Annealing For Travelling salesman problem(TSP) Problem.
TSP problem is an NP-complete problem(NP-hard problem) in combinatorial optimization.
Simulated Annealing is a metaheuristic to approximate global optimization in a large search space.

It's better to make the lowest temperature lower than 1e-20
Lowest temperature [1e-20]:
Annealing plan r. (T=rT) [0.999]:Output file name. null for drop energy message in each step. [null]:
1
64
75
5
62
50
77
34
38
67
69
31
79
3
101
93
78
19
17
53
81
15
71
46
97
89
99
16
95
54
63
92
14
74
66
55
35
29
13
96
11
7
41
26
88
9
59
61
58
39
6
91
90
45
22
42
80
82
21
68
94
20
27
86
83
23
48
8
51
25
40
57
60
30
10
98
43
47
70
76
73
72
100
37
52
56
36
4
12
18
85
32
33
2
49
84
87
24
28
44
65
1
Sum of distance: 367.388
The waste of time:90.494210s


1e-25 0.99999 result_tmp/Simulated_Path_3_5.txt
Simulated Annealing For Travelling salesman problem(TSP) Problem.
TSP problem is an NP-complete problem(NP-hard problem) in combinatorial optimization.
Simulated Annealing is a metaheuristic to approximate global optimization in a large search space.

It's better to make the lowest temperature lower than 1e-20
Lowest temperature [1e-20]:
Annealing plan r. (T=rT) [0.999]:Output file name. null for drop energy message in each step. [null]:
1
64
75
5
62
50
77
34
38
67
69
3
79
31
92
14
74
63
54
95
16
99
89
46
71
97
101
93
78
19
17
53
81
15
11
7
41
22
42
80
82
21
68
94
20
27
86
83
8
51
25
40
57
60
30
10
98
43
47
70
73
76
9
59
61
58
39
48
23
6
91
90
45
88
26
96
13
29
35
100
72
37
52
56
36
85
18
4
12
55
66
32
33
2
49
84
87
24
28
44
65
1
Sum of distance: 377.269
The waste of time:89.694486s


1e-25 0.99999 result_tmp/Simulated_Path_3_6.txt
Simulated Annealing For Travelling salesman problem(TSP) Problem.
TSP problem is an NP-complete problem(NP-hard problem) in combinatorial optimization.
Simulated Annealing is a metaheuristic to approximate global optimization in a large search space.

It's better to make the lowest temperature lower than 1e-20
Lowest temperature [1e-20]:
Annealing plan r. (T=rT) [0.999]:Output file name. null for drop energy message in each step. [null]:
1
64
75
5
62
50
77
34
69
67
38
44
28
92
14
74
66
55
12
35
29
46
71
97
89
16
95
54
63
99
31
79
3
101
93
78
19
15
81
17
53
41
7
11
13
96
26
88
9
59
61
58
90
45
22
42
80
82
21
68
94
20
27
86
83
23
6
91
39
48
8
51
25
40
57
30
10
98
60
43
47
70
76
73
72
100
37
52
56
36
4
18
85
32
33
2
49
84
87
24
65
1
Sum of distance: 374.087
The waste of time:88.644888s


1e-25 0.99999 result_tmp/Simulated_Path_3_7.txt
Simulated Annealing For Travelling salesman problem(TSP) Problem.
TSP problem is an NP-complete problem(NP-hard problem) in combinatorial optimization.
Simulated Annealing is a metaheuristic to approximate global optimization in a large search space.

It's better to make the lowest temperature lower than 1e-20
Lowest temperature [1e-20]:
Annealing plan r. (T=rT) [0.999]:Output file name. null for drop energy message in each step. [null]:
1
64
75
5
62
50
77
34
38
67
69
31
79
3
101
93
78
19
97
89
99
16
95
54
63
74
66
55
12
35
29
46
71
15
81
17
53
41
7
11
13
96
26
9
59
61
88
45
90
22
42
80
82
21
68
94
20
27
86
83
23
6
91
39
58
48
8
51
25
40
57
60
30
10
98
43
47
70
76
73
72
100
37
52
56
36
4
18
85
32
33
2
49
84
87
24
14
92
28
44
65
1
Sum of distance: 363.964
The waste of time:90.982965s


1e-25 0.99999 result_tmp/Simulated_Path_3_8.txt
Simulated Annealing For Travelling salesman problem(TSP) Problem.
TSP problem is an NP-complete problem(NP-hard problem) in combinatorial optimization.
Simulated Annealing is a metaheuristic to approximate global optimization in a large search space.

It's better to make the lowest temperature lower than 1e-20
Lowest temperature [1e-20]:
Annealing plan r. (T=rT) [0.999]:Output file name. null for drop energy message in each step. [null]:
1
64
75
5
62
50
77
34
38
67
69
31
79
3
101
93
78
19
17
53
81
15
11
13
96
26
7
41
22
42
80
82
21
68
94
20
27
86
83
23
6
91
90
45
88
9
59
61
58
39
48
8
51
25
40
57
60
30
10
98
43
47
70
76
73
72
100
37
52
56
36
4
18
85
32
33
2
49
84
87
24
66
55
12
35
29
46
71
97
89
99
16
95
54
63
74
14
92
28
44
65
1
Sum of distance: 366.924
The waste of time:51.315567s


1e-25 0.99999 result_tmp/Simulated_Path_3_9.txt
Simulated Annealing For Travelling salesman problem(TSP) Problem.
TSP problem is an NP-complete problem(NP-hard problem) in combinatorial optimization.
Simulated Annealing is a metaheuristic to approximate global optimization in a large search space.

It's better to make the lowest temperature lower than 1e-20
Lowest temperature [1e-20]:
Annealing plan r. (T=rT) [0.999]:Output file name. null for drop energy message in each step. [null]:
1
64
75
5
62
50
34
77
3
79
31
69
67
38
44
28
92
14
74
63
99
16
95
54
29
46
71
89
97
101
93
78
19
17
53
81
15
11
7
41
45
90
22
42
80
82
21
68
94
20
27
86
83
23
6
91
39
58
48
8
51
25
40
57
60
30
10
98
43
47
70
76
73
56
36
52
37
72
100
61
59
9
88
26
96
13
35
12
4
18
85
55
66
32
33
2
49
84
87
24
65
1
Sum of distance: 376.261
The waste of time:89.101521s


1e-25 0.99999 result_tmp/Simulated_Path_3_10.txt
Simulated Annealing For Travelling salesman problem(TSP) Problem.
TSP problem is an NP-complete problem(NP-hard problem) in combinatorial optimization.
Simulated Annealing is a metaheuristic to approximate global optimization in a large search space.

It's better to make the lowest temperature lower than 1e-20
Lowest temperature [1e-20]:
Annealing plan r. (T=rT) [0.999]:Output file name. null for drop energy message in each step. [null]:
1
64
75
5
62
50
77
34
38
67
69
31
79
3
101
93
78
19
15
81
17
53
41
7
11
13
96
26
9
59
61
88
45
90
22
42
80
82
21
68
94
20
27
86
83
23
6
91
39
58
48
8
51
25
40
57
60
30
10
98
43
47
70
76
73
72
100
37
52
56
36
4
18
85
32
33
2
49
84
87
24
66
55
12
35
29
46
71
97
89
99
16
95
54
63
74
14
92
28
44
65
1
Sum of distance: 366.267
The waste of time:90.172582s


1e-25 0.999999 null
Simulated Annealing For Travelling salesman problem(TSP) Problem.
TSP problem is an NP-complete problem(NP-hard problem) in combinatorial optimization.
Simulated Annealing is a metaheuristic to approximate global optimization in a large search space.

It's better to make the lowest temperature lower than 1e-20
Lowest temperature [1e-20]:
Annealing plan r. (T=rT) [0.999]:Output file name. null for drop energy message in each step. [null]:
1
64
75
5
62
50
77
34
38
67
69
31
79
3
101
93
78
19
97
89
95
16
99
63
74
54
35
29
46
71
15
81
17
53
41
7
11
13
96
26
88
9
59
61
58
39
48
23
6
91
90
45
22
42
80
82
21
68
94
20
27
86
83
8
51
25
40
57
60
30
10
98
43
47
70
76
73
72
100
37
52
56
36
85
18
4
12
55
66
32
33
2
49
84
87
24
14
92
28
44
65
1
Sum of distance: 364.678
The waste of time:732.914278s


1e-25 0.999999 null
Simulated Annealing For Travelling salesman problem(TSP) Problem.
TSP problem is an NP-complete problem(NP-hard problem) in combinatorial optimization.
Simulated Annealing is a metaheuristic to approximate global optimization in a large search space.

It's better to make the lowest temperature lower than 1e-20
Lowest temperature [1e-20]:
Annealing plan r. (T=rT) [0.999]:Output file name. null for drop energy message in each step. [null]:
1
64
75
5
62
50
77
34
38
67
69
31
79
3
101
93
78
19
15
81
17
53
41
7
11
13
96
26
88
9
59
61
58
39
48
23
6
91
90
45
22
42
80
82
21
68
94
20
27
86
83
8
51
25
40
57
60
30
10
98
43
47
70
76
73
72
100
37
52
56
36
85
18
4
12
35
29
46
71
97
89
99
16
95
54
63
74
55
66
32
33
2
49
84
87
24
14
92
28
44
65
1
Sum of distance: 363.048
The waste of time:413.086887s


1e-25 0.999999 null
Simulated Annealing For Travelling salesman problem(TSP) Problem.
TSP problem is an NP-complete problem(NP-hard problem) in combinatorial optimization.
Simulated Annealing is a metaheuristic to approximate global optimization in a large search space.

It's better to make the lowest temperature lower than 1e-20
Lowest temperature [1e-20]:
Annealing plan r. (T=rT) [0.999]:Output file name. null for drop energy message in each step. [null]:
1
64
75
5
62
50
77
34
38
67
69
31
79
3
101
93
78
19
97
89
99
16
95
54
63
74
66
55
12
35
29
46
71
15
81
17
53
41
7
11
13
96
26
88
9
59
61
58
39
48
23
6
91
90
45
22
42
80
82
21
68
94
20
27
86
83
8
51
25
40
57
60
30
10
98
43
47
70
76
73
72
100
37
52
56
36
4
18
85
32
33
2
49
84
87
24
14
92
28
44
65
1
Sum of distance: 362.57
The waste of time:713.846044s


1e-25 0.999999 null
Simulated Annealing For Travelling salesman problem(TSP) Problem.
TSP problem is an NP-complete problem(NP-hard problem) in combinatorial optimization.
Simulated Annealing is a metaheuristic to approximate global optimization in a large search space.

It's better to make the lowest temperature lower than 1e-20
Lowest temperature [1e-20]:
Annealing plan r. (T=rT) [0.999]:Output file name. null for drop energy message in each step. [null]:
1
64
75
5
62
50
77
34
38
67
69
31
79
3
101
93
78
19
97
71
46
89
95
16
99
92
14
74
63
54
29
35
13
96
11
15
81
17
53
41
7
26
88
9
59
61
58
39
48
23
6
91
90
45
22
42
80
82
21
68
94
20
27
86
83
8
51
25
40
57
60
30
10
98
43
47
70
76
73
72
100
37
52
56
36
85
18
4
12
55
66
32
33
2
49
84
87
24
28
44
65
1
Sum of distance: 363.295
The waste of time:721.195470s


1e-25 0.999999 null
Simulated Annealing For Travelling salesman problem(TSP) Problem.
TSP problem is an NP-complete problem(NP-hard problem) in combinatorial optimization.
Simulated Annealing is a metaheuristic to approximate global optimization in a large search space.

It's better to make the lowest temperature lower than 1e-20
Lowest temperature [1e-20]:
Annealing plan r. (T=rT) [0.999]:Output file name. null for drop energy message in each step. [null]:
1
64
75
5
62
50
77
34
38
67
69
31
79
3
101
93
78
19
15
81
17
53
41
7
11
13
96
26
88
9
59
61
58
39
48
23
6
91
90
45
22
42
80
82
21
68
94
20
27
86
83
8
51
25
40
57
60
30
10
98
43
47
70
76
73
72
100
37
52
56
36
85
18
4
12
35
29
46
71
97
89
99
16
95
54
63
74
55
66
32
33
2
49
84
87
24
14
92
28
44
65
1
Sum of distance: 363.048
The waste of time:411.406145s


1e-25 0.999999 null
Simulated Annealing For Travelling salesman problem(TSP) Problem.
TSP problem is an NP-complete problem(NP-hard problem) in combinatorial optimization.
Simulated Annealing is a metaheuristic to approximate global optimization in a large search space.

It's better to make the lowest temperature lower than 1e-20
Lowest temperature [1e-20]:
Annealing plan r. (T=rT) [0.999]:Output file name. null for drop energy message in each step. [null]:
1
64
75
5
62
50
77
34
38
67
69
31
79
3
101
93
78
19
17
53
81
15
71
46
97
89
99
16
95
54
63
74
66
55
35
29
13
96
11
7
41
26
9
59
61
88
45
90
22
42
80
82
21
68
94
20
27
86
83
23
6
91
39
58
48
8
51
25
40
57
60
30
10
98
43
47
70
76
73
72
100
37
52
56
36
4
12
18
85
32
33
2
49
84
87
24
14
92
28
44
65
1
Sum of distance: 366.724
The waste of time:724.416028s


1e-25 0.999999 null
Simulated Annealing For Travelling salesman problem(TSP) Problem.
TSP problem is an NP-complete problem(NP-hard problem) in combinatorial optimization.
Simulated Annealing is a metaheuristic to approximate global optimization in a large search space.

It's better to make the lowest temperature lower than 1e-20
Lowest temperature [1e-20]:
Annealing plan r. (T=rT) [0.999]:Output file name. null for drop energy message in each step. [null]:
1
64
75
5
62
50
77
34
38
67
69
31
79
3
101
93
78
19
97
89
46
71
15
81
17
53
41
7
11
13
96
26
88
9
59
61
58
39
48
23
6
91
90
45
22
42
80
82
21
68
94
20
27
86
83
8
51
25
40
57
60
30
10
98
43
47
70
76
73
72
100
37
52
56
36
85
18
4
12
35
29
54
95
16
99
63
74
55
66
32
33
2
49
84
87
24
14
92
28
44
65
1
Sum of distance: 362.808
The waste of time:722.108788s


1e-25 0.999999 null
Simulated Annealing For Travelling salesman problem(TSP) Problem.
TSP problem is an NP-complete problem(NP-hard problem) in combinatorial optimization.
Simulated Annealing is a metaheuristic to approximate global optimization in a large search space.

It's better to make the lowest temperature lower than 1e-20
Lowest temperature [1e-20]:
Annealing plan r. (T=rT) [0.999]:Output file name. null for drop energy message in each step. [null]:
1
64
75
5
62
50
77
34
38
67
69
31
79
3
101
93
78
19
97
89
99
16
95
54
63
74
66
55
12
35
29
46
71
15
81
17
53
41
7
11
13
96
26
88
9
59
61
58
39
48
23
6
91
90
45
22
42
80
82
21
68
94
20
27
86
83
8
51
25
40
57
60
30
10
98
43
47
70
76
73
72
100
37
52
56
36
4
18
85
32
33
2
49
84
87
24
14
92
28
44
65
1
Sum of distance: 362.57
The waste of time:711.487951s


1e-25 0.999999 null
Simulated Annealing For Travelling salesman problem(TSP) Problem.
TSP problem is an NP-complete problem(NP-hard problem) in combinatorial optimization.
Simulated Annealing is a metaheuristic to approximate global optimization in a large search space.

It's better to make the lowest temperature lower than 1e-20
Lowest temperature [1e-20]:
Annealing plan r. (T=rT) [0.999]:Output file name. null for drop energy message in each step. [null]:
1
64
75
5
62
50
77
34
38
67
69
31
79
3
101
93
78
19
17
53
81
15
11
7
41
45
90
22
42
80
82
21
68
94
20
27
86
40
57
60
30
10
98
43
47
70
25
51
8
83
23
48
6
91
39
58
61
59
9
88
26
96
13
35
29
46
71
97
89
99
16
95
54
63
74
66
55
12
18
4
36
52
37
100
72
76
73
56
85
32
33
2
49
84
87
24
14
92
28
44
65
1
Sum of distance: 373.568
The waste of time:727.729402s


1e-25 0.999999 null
Simulated Annealing For Travelling salesman problem(TSP) Problem.
TSP problem is an NP-complete problem(NP-hard problem) in combinatorial optimization.
Simulated Annealing is a metaheuristic to approximate global optimization in a large search space.

It's better to make the lowest temperature lower than 1e-20
Lowest temperature [1e-20]:
Annealing plan r. (T=rT) [0.999]:Output file name. null for drop energy message in each step. [null]:
1
64
75
5
62
50
77
34
38
67
69
31
79
3
101
93
78
19
97
89
99
16
95
54
63
74
66
55
12
35
29
46
71
15
81
17
53
41
7
11
13
96
26
88
9
59
61
58
39
48
23
6
91
90
45
22
42
80
82
21
68
94
20
27
86
83
8
51
25
40
57
60
30
10
98
43
47
70
76
73
72
100
37
52
56
36
4
18
85
32
33
2
49
84
87
24
14
92
28
44
65
1
Sum of distance: 362.57
The waste of time:714.912102s


